<?xml version="1.0" encoding="UTF-8"?>
<testng-results skipped="0" failed="0" ignored="0" total="1" passed="1">
  <reporter-output>
  </reporter-output>
  <suite name="Default suite" duration-ms="23862" started-at="2018-10-19T14:07:34Z" finished-at="2018-10-19T14:07:58Z">
    <groups>
    </groups>
    <test name="Default test" duration-ms="23862" started-at="2018-10-19T14:07:34Z" finished-at="2018-10-19T14:07:58Z">
      <class name="criscar.webdriver.chap5.fluentpageobject.LoginFormIT">
        <test-method status="PASS" signature="checkLoginForm()[pri:0, instance:criscar.webdriver.chap5.fluentpageobject.LoginFormIT@55f3ddb1]" name="checkLoginForm" duration-ms="23783" started-at="2018-10-19T14:07:34Z" finished-at="2018-10-19T14:07:58Z">
          <reporter-output>
          </reporter-output>
        </test-method> <!-- checkLoginForm -->
      </class> <!-- criscar.webdriver.chap5.fluentpageobject.LoginFormIT -->
    </test> <!-- Default test -->
  </suite> <!-- Default suite -->
</testng-results>
